cd build && make check
make[1]: Entering directory `/home/vagrant/code/group/pintos/src/threads/build'
pintos -v -k -T 60 --bochs  -- -q  run alarm-single < /dev/null 2> tests/threads/alarm-single.errors > tests/threads/alarm-single.output
perl -I../.. ../../tests/threads/alarm-single.ck tests/threads/alarm-single tests/threads/alarm-single.result
pass tests/threads/alarm-single
pintos -v -k -T 60 --bochs  -- -q  run alarm-multiple < /dev/null 2> tests/threads/alarm-multiple.errors > tests/threads/alarm-multiple.output
perl -I../.. ../../tests/threads/alarm-multiple.ck tests/threads/alarm-multiple tests/threads/alarm-multiple.result
pass tests/threads/alarm-multiple
pintos -v -k -T 60 --bochs  -- -q  run alarm-simultaneous < /dev/null 2> tests/threads/alarm-simultaneous.errors > tests/threads/alarm-simultaneous.output
perl -I../.. ../../tests/threads/alarm-simultaneous.ck tests/threads/alarm-simultaneous tests/threads/alarm-simultaneous.result
pass tests/threads/alarm-simultaneous
pintos -v -k -T 60 --bochs  -- -q  run alarm-priority < /dev/null 2> tests/threads/alarm-priority.errors > tests/threads/alarm-priority.output
perl -I../.. ../../tests/threads/alarm-priority.ck tests/threads/alarm-priority tests/threads/alarm-priority.result
pass tests/threads/alarm-priority
pintos -v -k -T 60 --bochs  -- -q  run alarm-zero < /dev/null 2> tests/threads/alarm-zero.errors > tests/threads/alarm-zero.output
perl -I../.. ../../tests/threads/alarm-zero.ck tests/threads/alarm-zero tests/threads/alarm-zero.result
pass tests/threads/alarm-zero
pintos -v -k -T 60 --bochs  -- -q  run alarm-negative < /dev/null 2> tests/threads/alarm-negative.errors > tests/threads/alarm-negative.output
perl -I../.. ../../tests/threads/alarm-negative.ck tests/threads/alarm-negative tests/threads/alarm-negative.result
pass tests/threads/alarm-negative
pintos -v -k -T 60 --bochs  -- -q  run priority-change < /dev/null 2> tests/threads/priority-change.errors > tests/threads/priority-change.output
perl -I../.. ../../tests/threads/priority-change.ck tests/threads/priority-change tests/threads/priority-change.result
pass tests/threads/priority-change
pintos -v -k -T 60 --bochs  -- -q  run priority-donate-one < /dev/null 2> tests/threads/priority-donate-one.errors > tests/threads/priority-donate-one.output
perl -I../.. ../../tests/threads/priority-donate-one.ck tests/threads/priority-donate-one tests/threads/priority-donate-one.result
pass tests/threads/priority-donate-one
pintos -v -k -T 60 --bochs  -- -q  run priority-donate-multiple < /dev/null 2> tests/threads/priority-donate-multiple.errors > tests/threads/priority-donate-multiple.output
perl -I../.. ../../tests/threads/priority-donate-multiple.ck tests/threads/priority-donate-multiple tests/threads/priority-donate-multiple.result
pass tests/threads/priority-donate-multiple
pintos -v -k -T 60 --bochs  -- -q  run priority-donate-multiple2 < /dev/null 2> tests/threads/priority-donate-multiple2.errors > tests/threads/priority-donate-multiple2.output
perl -I../.. ../../tests/threads/priority-donate-multiple2.ck tests/threads/priority-donate-multiple2 tests/threads/priority-donate-multiple2.result
pass tests/threads/priority-donate-multiple2
pintos -v -k -T 60 --bochs  -- -q  run priority-donate-nest < /dev/null 2> tests/threads/priority-donate-nest.errors > tests/threads/priority-donate-nest.output
perl -I../.. ../../tests/threads/priority-donate-nest.ck tests/threads/priority-donate-nest tests/threads/priority-donate-nest.result
pass tests/threads/priority-donate-nest
pintos -v -k -T 60 --bochs  -- -q  run priority-donate-sema < /dev/null 2> tests/threads/priority-donate-sema.errors > tests/threads/priority-donate-sema.output
perl -I../.. ../../tests/threads/priority-donate-sema.ck tests/threads/priority-donate-sema tests/threads/priority-donate-sema.result
pass tests/threads/priority-donate-sema
pintos -v -k -T 60 --bochs  -- -q  run priority-donate-lower < /dev/null 2> tests/threads/priority-donate-lower.errors > tests/threads/priority-donate-lower.output
perl -I../.. ../../tests/threads/priority-donate-lower.ck tests/threads/priority-donate-lower tests/threads/priority-donate-lower.result
pass tests/threads/priority-donate-lower
pintos -v -k -T 60 --bochs  -- -q  run priority-fifo < /dev/null 2> tests/threads/priority-fifo.errors > tests/threads/priority-fifo.output
perl -I../.. ../../tests/threads/priority-fifo.ck tests/threads/priority-fifo tests/threads/priority-fifo.result
pass tests/threads/priority-fifo
pintos -v -k -T 60 --bochs  -- -q  run priority-preempt < /dev/null 2> tests/threads/priority-preempt.errors > tests/threads/priority-preempt.output
perl -I../.. ../../tests/threads/priority-preempt.ck tests/threads/priority-preempt tests/threads/priority-preempt.result
pass tests/threads/priority-preempt
pintos -v -k -T 60 --bochs  -- -q  run priority-sema < /dev/null 2> tests/threads/priority-sema.errors > tests/threads/priority-sema.output
perl -I../.. ../../tests/threads/priority-sema.ck tests/threads/priority-sema tests/threads/priority-sema.result
pass tests/threads/priority-sema
pintos -v -k -T 60 --bochs  -- -q  run priority-condvar < /dev/null 2> tests/threads/priority-condvar.errors > tests/threads/priority-condvar.output
perl -I../.. ../../tests/threads/priority-condvar.ck tests/threads/priority-condvar tests/threads/priority-condvar.result
pass tests/threads/priority-condvar
pintos -v -k -T 60 --bochs  -- -q  run priority-donate-chain < /dev/null 2> tests/threads/priority-donate-chain.errors > tests/threads/priority-donate-chain.output
perl -I../.. ../../tests/threads/priority-donate-chain.ck tests/threads/priority-donate-chain tests/threads/priority-donate-chain.result
pass tests/threads/priority-donate-chain
pintos -v -k -T 480 --bochs  -- -q -mlfqs run mlfqs-load-1 < /dev/null 2> tests/threads/mlfqs-load-1.errors > tests/threads/mlfqs-load-1.output
perl -I../.. ../../tests/threads/mlfqs-load-1.ck tests/threads/mlfqs-load-1 tests/threads/mlfqs-load-1.result
pass tests/threads/mlfqs-load-1
pintos -v -k -T 480 --bochs  -- -q -mlfqs run mlfqs-load-60 < /dev/null 2> tests/threads/mlfqs-load-60.errors > tests/threads/mlfqs-load-60.output
perl -I../.. ../../tests/threads/mlfqs-load-60.ck tests/threads/mlfqs-load-60 tests/threads/mlfqs-load-60.result
pass tests/threads/mlfqs-load-60
pintos -v -k -T 480 --bochs  -- -q -mlfqs run mlfqs-load-avg < /dev/null 2> tests/threads/mlfqs-load-avg.errors > tests/threads/mlfqs-load-avg.output
perl -I../.. ../../tests/threads/mlfqs-load-avg.ck tests/threads/mlfqs-load-avg tests/threads/mlfqs-load-avg.result
FAIL tests/threads/mlfqs-load-avg
Some load average values were missing or differed from those expected by more than 2.5.
  time   actual <-> expected explanation
------ -------- --- -------- ----------------------------------------
     2    22.68 >>> 0.05     Too big, by 20.13.
     4    23.95 >>> 0.16     Too big, by 21.29.
     6    23.95 >>> 0.34     Too big, by 21.11.
     8    23.95 >>> 0.58     Too big, by 20.87.
    10    23.95 >>> 0.87     Too big, by 20.58.
    12    23.95 >>> 1.22     Too big, by 20.23.
    14    23.95 >>> 1.63     Too big, by 19.82.
    16    24.57 >>> 2.09     Too big, by 19.98.
    18    24.57 >>> 2.60     Too big, by 19.47.
    20    24.57 >>> 3.16     Too big, by 18.91.
    22    24.57 >>> 3.76     Too big, by 18.31.
    24    24.57 >>> 4.42     Too big, by 17.65.
    26    24.57 >>> 5.11     Too big, by 16.96.
    28    24.57 >>> 5.85     Too big, by 16.22.
    30    24.57 >>> 6.63     Too big, by 15.44.
    32    25.14 >>> 7.46     Too big, by 15.18.
    34    25.14 >>> 8.32     Too big, by 14.32.
    36    25.14 >>> 9.22     Too big, by 13.42.
    38    25.14 >>> 10.15    Too big, by 12.49.
    40    25.14 >>> 11.12    Too big, by 11.52.
    42    25.14 >>> 12.13    Too big, by 10.51.
    44    25.69 >>> 13.16    Too big, by 10.03.
    46    25.69 >>> 14.23    Too big, by 8.96.
    48    25.69 >>> 15.33    Too big, by 7.86.
    50    25.69 >>> 16.46    Too big, by 6.73.
    52    25.69 >>> 17.62    Too big, by 5.57.
    54    25.69 >>> 18.81    Too big, by 4.38.
    56    26.21 >>> 20.02    Too big, by 3.69.
    58    26.21 >>> 21.26    Too big, by 2.45.
    60    26.21 >>> 22.52    Too big, by 1.19.
    62    26.21  =  23.71    
    64    26.21  =  24.80    
    66    26.69  =  25.78    
    68    27.57  =  26.66    
    70    28.37  =  27.45    
    72    29.06  =  28.14    
    74    29.67  =  28.75    
    76    30.20  =  29.27    
    78    30.64  =  29.71    
    80    30.99  =  30.06    
    82    31.28  =  30.34    
    84    31.48  =  30.55    
    86    31.61  =  30.68    
    88    31.68  =  30.74    
    90    31.67  =  30.73    
    92    31.60  =  30.66    
    94    31.46  =  30.52    
    96    31.27  =  30.32    
    98    31.01  =  30.06    
   100    30.69  =  29.74    
   102    30.32  =  29.37    
   104    29.90  =  28.95    
   106    29.44  =  28.47    
   108    28.93  =  27.94    
   110    28.37  =  27.36    
   112    29.30 >>> 26.74    Too big, by 0.06.
   114    30.13 >>> 26.07    Too big, by 1.56.
   116    30.87 >>> 25.36    Too big, by 3.01.
   118    31.52 >>> 24.60    Too big, by 4.42.
   120    31.28 >>> 23.81    Too big, by 4.97.
   122    30.25 >>> 23.02    Too big, by 4.73.
   124    29.25 >>> 22.26    Too big, by 4.49.
   126    28.28 >>> 21.52    Too big, by 4.26.
   128    27.35 >>> 20.81    Too big, by 4.04.
   130    26.44 >>> 20.12    Too big, by 3.82.
   132    25.57 >>> 19.46    Too big, by 3.61.
   134    24.72 >>> 18.81    Too big, by 3.41.
   136    23.91 >>> 18.19    Too big, by 3.22.
   138    23.12 >>> 17.59    Too big, by 3.03.
   140    22.35 >>> 17.01    Too big, by 2.84.
   142    21.61 >>> 16.45    Too big, by 2.66.
   144    20.90 >>> 15.90    Too big, by 2.50.
   146    20.21 >>> 15.38    Too big, by 2.33.
   148    19.54 >>> 14.87    Too big, by 2.17.
   150    18.89 >>> 14.38    Too big, by 2.01.
   152    18.27 >>> 13.90    Too big, by 1.87.
   154    17.66 >>> 13.44    Too big, by 1.72.
   156    17.08 >>> 13.00    Too big, by 1.58.
   158    16.52 >>> 12.57    Too big, by 1.45.
   160    15.97 >>> 12.15    Too big, by 1.32.
   162    15.44 >>> 11.75    Too big, by 1.19.
   164    14.93 >>> 11.36    Too big, by 1.07.
   166    14.44 >>> 10.99    Too big, by 0.95.
   168    13.96 >>> 10.62    Too big, by 0.84.
   170    13.50 >>> 10.27    Too big, by 0.73.
   172    13.05 >>> 9.93     Too big, by 0.62.
   174    12.62 >>> 9.61     Too big, by 0.51.
   176    12.20 >>> 9.29     Too big, by 0.41.
   178    11.80 >>> 8.98     Too big, by 0.32.
pintos -v -k -T 480 --bochs  -- -q -mlfqs run mlfqs-recent-1 < /dev/null 2> tests/threads/mlfqs-recent-1.errors > tests/threads/mlfqs-recent-1.output
perl -I../.. ../../tests/threads/mlfqs-recent-1.ck tests/threads/mlfqs-recent-1 tests/threads/mlfqs-recent-1.result
pass tests/threads/mlfqs-recent-1
pintos -v -k -T 480 --bochs  -- -q -mlfqs run mlfqs-fair-2 < /dev/null 2> tests/threads/mlfqs-fair-2.errors > tests/threads/mlfqs-fair-2.output
perl -I../.. ../../tests/threads/mlfqs-fair-2.ck tests/threads/mlfqs-fair-2 tests/threads/mlfqs-fair-2.result
FAIL tests/threads/mlfqs-fair-2
Some tick counts were missing or differed from those expected by more than 50.
thread   actual <-> expected explanation
------ -------- --- -------- ----------------------------------------
     0     3000 >>> 1500     Too big, by 1450.
     1        0 <<< 1500     Too small, by 1450.
pintos -v -k -T 480 --bochs  -- -q -mlfqs run mlfqs-fair-20 < /dev/null 2> tests/threads/mlfqs-fair-20.errors > tests/threads/mlfqs-fair-20.output
perl -I../.. ../../tests/threads/mlfqs-fair-20.ck tests/threads/mlfqs-fair-20 tests/threads/mlfqs-fair-20.result
FAIL tests/threads/mlfqs-fair-20
Some tick counts were missing or differed from those expected by more than 20.
thread   actual <-> expected explanation
------ -------- --- -------- ----------------------------------------
     0     3001 >>> 152      Too big, by 2829.
     1        0 <<< 152      Too small, by 132.
     2        0 <<< 152      Too small, by 132.
     3        0 <<< 152      Too small, by 132.
     4        0 <<< 152      Too small, by 132.
     5        0 <<< 152      Too small, by 132.
     6        0 <<< 152      Too small, by 132.
     7        0 <<< 152      Too small, by 132.
     8        0 <<< 152      Too small, by 132.
     9        0 <<< 152      Too small, by 132.
    10        0 <<< 148      Too small, by 128.
    11        0 <<< 148      Too small, by 128.
    12        0 <<< 148      Too small, by 128.
    13        0 <<< 148      Too small, by 128.
    14        0 <<< 148      Too small, by 128.
    15        0 <<< 148      Too small, by 128.
    16        0 <<< 148      Too small, by 128.
    17        0 <<< 148      Too small, by 128.
    18        0 <<< 148      Too small, by 128.
    19        0 <<< 148      Too small, by 128.
pintos -v -k -T 480 --bochs  -- -q -mlfqs run mlfqs-nice-2 < /dev/null 2> tests/threads/mlfqs-nice-2.errors > tests/threads/mlfqs-nice-2.output
perl -I../.. ../../tests/threads/mlfqs-nice-2.ck tests/threads/mlfqs-nice-2 tests/threads/mlfqs-nice-2.result
FAIL tests/threads/mlfqs-nice-2
Some tick counts were missing or differed from those expected by more than 50.
thread   actual <-> expected explanation
------ -------- --- -------- ----------------------------------------
     0     3000 >>> 1904     Too big, by 1046.
     1        0 <<< 1096     Too small, by 1046.
pintos -v -k -T 480 --bochs  -- -q -mlfqs run mlfqs-nice-10 < /dev/null 2> tests/threads/mlfqs-nice-10.errors > tests/threads/mlfqs-nice-10.output
perl -I../.. ../../tests/threads/mlfqs-nice-10.ck tests/threads/mlfqs-nice-10 tests/threads/mlfqs-nice-10.result
FAIL tests/threads/mlfqs-nice-10
Some tick counts were missing or differed from those expected by more than 25.
thread   actual <-> expected explanation
------ -------- --- -------- ----------------------------------------
     0     3000 >>> 672      Too big, by 2303.
     1        0 <<< 588      Too small, by 563.
     2        0 <<< 492      Too small, by 467.
     3        0 <<< 408      Too small, by 383.
     4        0 <<< 316      Too small, by 291.
     5        0 <<< 232      Too small, by 207.
     6        0 <<< 152      Too small, by 127.
     7        0 <<< 92       Too small, by 67.
     8        0 <<< 40       Too small, by 15.
     9        0  =  8        
pintos -v -k -T 480 --bochs  -- -q -mlfqs run mlfqs-block < /dev/null 2> tests/threads/mlfqs-block.errors > tests/threads/mlfqs-block.output
perl -I../.. ../../tests/threads/mlfqs-block.ck tests/threads/mlfqs-block tests/threads/mlfqs-block.result
pass tests/threads/mlfqs-block
pass tests/threads/alarm-single
pass tests/threads/alarm-multiple
pass tests/threads/alarm-simultaneous
pass tests/threads/alarm-priority
pass tests/threads/alarm-zero
pass tests/threads/alarm-negative
pass tests/threads/priority-change
pass tests/threads/priority-donate-one
pass tests/threads/priority-donate-multiple
pass tests/threads/priority-donate-multiple2
pass tests/threads/priority-donate-nest
pass tests/threads/priority-donate-sema
pass tests/threads/priority-donate-lower
pass tests/threads/priority-fifo
pass tests/threads/priority-preempt
pass tests/threads/priority-sema
pass tests/threads/priority-condvar
pass tests/threads/priority-donate-chain
pass tests/threads/mlfqs-load-1
pass tests/threads/mlfqs-load-60
FAIL tests/threads/mlfqs-load-avg
pass tests/threads/mlfqs-recent-1
FAIL tests/threads/mlfqs-fair-2
FAIL tests/threads/mlfqs-fair-20
FAIL tests/threads/mlfqs-nice-2
FAIL tests/threads/mlfqs-nice-10
pass tests/threads/mlfqs-block
5 of 27 tests failed.
make[1]: *** [check] Error 1
make[1]: Leaving directory `/home/vagrant/code/group/pintos/src/threads/build'
make: *** [check] Error 2
